<?xml version="1.0" encoding="UTF-8"?>
<!-- Generated by org.testng.reporters.JUnitReportReporter -->
<testsuite hostname="LAPTOP-Q7SB5MFU" failures="0" tests="1" name="authentication.Oauth2_GenerateTokenUsingCOOP" time="3.510" errors="0" timestamp="2023-10-31T12:55:47 IST" skipped="0">
  <testcase classname="authentication.Oauth2_GenerateTokenUsingCOOP" name="generateToken" time="3.510"/>
  <system-out/>
</testsuite> <!-- authentication.Oauth2_GenerateTokenUsingCOOP -->
