<?xml version="1.0" encoding="UTF-8"?>
<!-- Generated by org.testng.reporters.JUnitReportReporter -->
<testsuite hostname="LAPTOP-Q7SB5MFU" failures="0" tests="1" name="SpecBuilder.SpecBuilder_ReqNRes" time="3.024" errors="0" timestamp="2023-10-31T13:30:37 IST" skipped="0">
  <testcase classname="SpecBuilder.SpecBuilder_ReqNRes" name="specBuildReqres" time="3.024"/>
  <system-out/>
</testsuite> <!-- SpecBuilder.SpecBuilder_ReqNRes -->
