<?xml version="1.0" encoding="UTF-8"?>
<!-- Generated by org.testng.reporters.JUnitReportReporter -->
<testsuite hostname="LAPTOP-Q7SB5MFU" failures="0" tests="4" name="Practice.Reqres_DP" time="9.903" errors="0" timestamp="2023-10-30T16:10:44 IST" skipped="0">
  <testcase classname="Practice.Reqres_DP" name="addUser" time="1.006"/>
  <system-out/>
  <testcase classname="Practice.Reqres_DP" name="addUser" time="6.399"/>
  <system-out/>
  <testcase classname="Practice.Reqres_DP" name="addUser" time="1.124"/>
  <system-out/>
  <testcase classname="Practice.Reqres_DP" name="addUser" time="1.374"/>
  <system-out/>
</testsuite> <!-- Practice.Reqres_DP -->
