<?xml version="1.0" encoding="UTF-8"?>
<!-- Generated by org.testng.reporters.JUnitReportReporter -->
<testsuite hostname="LAPTOP-Q7SB5MFU" failures="0" tests="1" name="SerialNDeserial.EmployeeDeserial" time="0.186" errors="0" timestamp="2023-10-31T16:33:54 IST" skipped="0">
  <testcase classname="SerialNDeserial.EmployeeDeserial" name="employee" time="0.186"/>
  <system-out/>
</testsuite> <!-- SerialNDeserial.EmployeeDeserial -->
