<?xml version="1.0" encoding="UTF-8"?>
<!-- Generated by org.testng.reporters.JUnitReportReporter -->
<testsuite hostname="LAPTOP-Q7SB5MFU" failures="0" tests="1" name="CRUD_Without_BDD_reqres.post" time="3.060" errors="0" timestamp="2023-10-30T09:57:38 IST" skipped="0">
  <testcase classname="CRUD_Without_BDD_reqres.post" name="create" time="3.060"/>
  <system-out/>
</testsuite> <!-- CRUD_Without_BDD_reqres.post -->
