<?xml version="1.0" encoding="UTF-8"?>
<!-- Generated by org.testng.reporters.JUnitReportReporter -->
<testsuite hostname="LAPTOP-Q7SB5MFU" failures="0" tests="1" name="Script.CreateAndValidate" time="6.219" errors="0" timestamp="2023-11-02T17:47:04 IST" skipped="0">
  <testcase classname="Script.CreateAndValidate" name="createProject" time="6.219"/>
  <system-out/>
</testsuite> <!-- Script.CreateAndValidate -->
