<?xml version="1.0" encoding="UTF-8"?>
<!-- Generated by org.testng.reporters.JUnitReportReporter -->
<testsuite hostname="LAPTOP-Q7SB5MFU" failures="0" tests="1" name="Practice.Reqres_Get_RC" time="6.218" errors="0" timestamp="2023-10-30T15:16:17 IST" skipped="0">
  <testcase classname="Practice.Reqres_Get_RC" name="rRChain" time="6.218"/>
  <system-out/>
</testsuite> <!-- Practice.Reqres_Get_RC -->
