<?xml version="1.0" encoding="UTF-8"?>
<!-- Generated by org.testng.reporters.JUnitReportReporter -->
<testsuite hostname="LAPTOP-Q7SB5MFU" failures="0" tests="1" name="Practice.requestChaining" time="2.501" errors="0" timestamp="2023-10-30T17:27:35 IST" skipped="0">
  <testcase classname="Practice.requestChaining" name="requestChain" time="2.501"/>
  <system-out/>
</testsuite> <!-- Practice.requestChaining -->
