<?xml version="1.0" encoding="UTF-8"?>
<!-- Generated by org.testng.reporters.JUnitReportReporter -->
<testsuite hostname="LAPTOP-Q7SB5MFU" failures="0" tests="1" name="SerialNDeserial.Serialisation" time="0.231" errors="0" timestamp="2023-11-02T23:43:05 IST" skipped="0">
  <testcase classname="SerialNDeserial.Serialisation" name="empser" time="0.231"/>
  <system-out/>
</testsuite> <!-- SerialNDeserial.Serialisation -->
