<?xml version="1.0" encoding="UTF-8"?>
<!-- Generated by org.testng.reporters.JUnitReportReporter -->
<testsuite hostname="LAPTOP-Q7SB5MFU" failures="0" tests="1" name="CRUD_With_BDD.CRUD_reqres" time="2.874" errors="0" timestamp="2023-10-27T22:37:02 IST" skipped="0">
  <testcase classname="CRUD_With_BDD.CRUD_reqres" name="delete" time="2.874"/>
  <system-out/>
</testsuite> <!-- CRUD_With_BDD.CRUD_reqres -->
