<?xml version="1.0" encoding="UTF-8"?>
<!-- Generated by org.testng.reporters.JUnitReportReporter -->
<testsuite hostname="LAPTOP-Q7SB5MFU" failures="0" tests="1" name="Script.CreateCaptureValidateProject" time="1.858" errors="0" timestamp="2023-11-02T15:08:12 IST" skipped="0">
  <testcase classname="Script.CreateCaptureValidateProject" name="createProject" time="1.858"/>
  <system-out/>
</testsuite> <!-- Script.CreateCaptureValidateProject -->
