<?xml version="1.0" encoding="UTF-8"?>
<!-- Generated by org.testng.reporters.JUnitReportReporter -->
<testsuite hostname="LAPTOP-Q7SB5MFU" failures="0" tests="1" name="cookies.SingleCookie" time="3.725" errors="0" timestamp="2023-11-03T15:30:05 IST" skipped="0">
  <testcase classname="cookies.SingleCookie" name="singleCookie1" time="3.725"/>
  <system-out/>
</testsuite> <!-- cookies.SingleCookie -->
