<?xml version="1.0" encoding="UTF-8"?>
<!-- Generated by org.testng.reporters.JUnitReportReporter -->
<testsuite hostname="LAPTOP-Q7SB5MFU" failures="0" tests="1" name="cookies.GetCookieInfo" time="2.555" errors="0" timestamp="2023-11-03T15:31:32 IST" skipped="0">
  <testcase classname="cookies.GetCookieInfo" name="passCookiesInfo" time="2.555"/>
  <system-out/>
</testsuite> <!-- cookies.GetCookieInfo -->
