<?xml version="1.0" encoding="UTF-8"?>
<!-- Generated by org.testng.reporters.JUnitReportReporter -->
<testsuite hostname="LAPTOP-Q7SB5MFU" failures="0" tests="1" name="Schema.SchemaValidate" time="3.056" errors="0" timestamp="2023-10-31T17:38:27 IST" skipped="0">
  <testcase classname="Schema.SchemaValidate" name="schema" time="3.056"/>
  <system-out/>
</testsuite> <!-- Schema.SchemaValidate -->
