<?xml version="1.0" encoding="UTF-8"?>
<!-- Generated by org.testng.reporters.JUnitReportReporter -->
<testsuite hostname="LAPTOP-Q7SB5MFU" failures="0" tests="1" name="Validation.Reqres_dynamic" time="2.768" errors="0" timestamp="2023-11-02T23:57:18 IST" skipped="0">
  <testcase classname="Validation.Reqres_dynamic" name="dyna" time="2.768"/>
  <system-out/>
</testsuite> <!-- Validation.Reqres_dynamic -->
