<?xml version="1.0" encoding="UTF-8"?>
<!-- Generated by org.testng.reporters.JUnitReportReporter -->
<testsuite hostname="LAPTOP-Q7SB5MFU" failures="0" tests="1" name="CRUD_With_BDD_Reqres.put" time="3.477" errors="0" timestamp="2023-10-27T22:48:45 IST" skipped="0">
  <testcase classname="CRUD_With_BDD_Reqres.put" name="update" time="3.477"/>
  <system-out/>
</testsuite> <!-- CRUD_With_BDD_Reqres.put -->
