<?xml version="1.0" encoding="UTF-8"?>
<!-- Generated by org.testng.reporters.JUnitReportReporter -->
<testsuite hostname="LAPTOP-Q7SB5MFU" failures="0" tests="1" name="CRUD_Without_BDD.CRUD_methods" time="1.596" errors="0" timestamp="2023-10-27T12:11:48 IST" skipped="0">
  <testcase classname="CRUD_Without_BDD.CRUD_methods" name="deleteProject" time="1.596"/>
  <system-out/>
</testsuite> <!-- CRUD_Without_BDD.CRUD_methods -->
