<?xml version="1.0" encoding="UTF-8"?>
<!-- Generated by org.testng.reporters.JUnitReportReporter -->
<testsuite hostname="LAPTOP-Q7SB5MFU" failures="0" tests="1" name="authentication.basic_auth" time="1.630" errors="0" timestamp="2023-10-31T11:11:14 IST" skipped="0">
  <testcase classname="authentication.basic_auth" name="digest" time="1.630"/>
  <system-out/>
</testsuite> <!-- authentication.basic_auth -->
