<?xml version="1.0" encoding="UTF-8"?>
<!-- Generated by org.testng.reporters.JUnitReportReporter -->
<testsuite hostname="LAPTOP-Q7SB5MFU" failures="0" tests="1" name="PostData.HashMap23" time="1.788" errors="0" timestamp="2023-10-27T15:45:19 IST" skipped="0">
  <testcase classname="PostData.HashMap23" name="HashMap1" time="1.788"/>
  <system-out/>
</testsuite> <!-- PostData.HashMap23 -->
