<?xml version="1.0" encoding="UTF-8"?>
<!-- Generated by org.testng.reporters.JUnitReportReporter -->
<testsuite hostname="LAPTOP-Q7SB5MFU" failures="0" tests="1" name="CRUD_Without_BDD_reqres.delete" time="2.174" errors="0" timestamp="2023-10-27T23:36:39 IST" skipped="0">
  <testcase classname="CRUD_Without_BDD_reqres.delete" name="delete" time="2.174"/>
  <system-out/>
</testsuite> <!-- CRUD_Without_BDD_reqres.delete -->
