<?xml version="1.0" encoding="UTF-8"?>
<!-- Generated by org.testng.reporters.JUnitReportReporter -->
<testsuite hostname="LAPTOP-Q7SB5MFU" failures="0" tests="1" name="CRUD_Without_BDD_reqres.put" time="2.106" errors="0" timestamp="2023-10-27T23:27:21 IST" skipped="0">
  <testcase classname="CRUD_Without_BDD_reqres.put" name="update" time="2.106"/>
  <system-out/>
</testsuite> <!-- CRUD_Without_BDD_reqres.put -->
