<?xml version="1.0" encoding="UTF-8"?>
<!-- Generated by org.testng.reporters.JUnitReportReporter -->
<testsuite hostname="LAPTOP-Q7SB5MFU" failures="0" tests="1" name="cookies.validateCookie" time="2.611" errors="0" timestamp="2023-11-02T16:33:28 IST" skipped="0">
  <testcase classname="cookies.validateCookie" name="validateCookie" time="2.611"/>
  <system-out/>
</testsuite> <!-- cookies.validateCookie -->
