<?xml version="1.0" encoding="UTF-8"?>
<!-- Generated by org.testng.reporters.JUnitReportReporter -->
<testsuite hostname="LAPTOP-Q7SB5MFU" failures="0" tests="1" name="authentication.baerer_Token" time="5.258" errors="0" timestamp="2023-11-02T09:29:55 IST" skipped="0">
  <testcase classname="authentication.baerer_Token" name="b_token" time="5.258"/>
  <system-out/>
</testsuite> <!-- authentication.baerer_Token -->
