<?xml version="1.0" encoding="UTF-8"?>
<!-- Generated by org.testng.reporters.JUnitReportReporter -->
<testsuite hostname="LAPTOP-Q7SB5MFU" failures="0" tests="1" name="PostData_Reqres.HashMap23" time="2.924" errors="0" timestamp="2023-10-27T23:38:32 IST" skipped="0">
  <testcase classname="PostData_Reqres.HashMap23" name="HashMap1" time="2.924"/>
  <system-out/>
</testsuite> <!-- PostData_Reqres.HashMap23 -->
