<?xml version="1.0" encoding="UTF-8"?>
<!-- Generated by org.testng.reporters.JUnitReportReporter -->
<testsuite hostname="LAPTOP-Q7SB5MFU" failures="0" tests="1" name="Reqres.HashMap23" time="3.179" errors="0" timestamp="2023-10-27T16:04:46 IST" skipped="0">
  <testcase classname="Reqres.HashMap23" name="HashMap1" time="3.179"/>
  <system-out/>
</testsuite> <!-- Reqres.HashMap23 -->
