<?xml version="1.0" encoding="UTF-8"?>
<!-- Generated by org.testng.reporters.JUnitReportReporter -->
<testsuite hostname="LAPTOP-Q7SB5MFU" failures="0" tests="1" name="SpecBuilder.SpecBuild_Reqre" time="2.974" errors="0" timestamp="2023-11-02T23:50:12 IST" skipped="0">
  <testcase classname="SpecBuilder.SpecBuild_Reqre" name="specBuildReqres" time="2.974"/>
  <system-out/>
</testsuite> <!-- SpecBuilder.SpecBuild_Reqre -->
