<?xml version="1.0" encoding="UTF-8"?>
<!-- Generated by org.testng.reporters.JUnitReportReporter -->
<testsuite hostname="LAPTOP-Q7SB5MFU" failures="0" tests="1" name="PostData.JSONFile" time="1.590" errors="0" timestamp="2023-10-27T15:24:30 IST" skipped="0">
  <testcase classname="PostData.JSONFile" name="JFile" time="1.590"/>
  <system-out/>
</testsuite> <!-- PostData.JSONFile -->
