<?xml version="1.0" encoding="UTF-8"?>
<!-- Generated by org.testng.reporters.JUnitReportReporter -->
<testsuite hostname="LAPTOP-Q7SB5MFU" failures="0" tests="1" name="Practice.reqres_RChain" time="4.251" errors="0" timestamp="2023-11-02T23:36:12 IST" skipped="0">
  <testcase classname="Practice.reqres_RChain" name="rRChain" time="4.251"/>
  <system-out/>
</testsuite> <!-- Practice.reqres_RChain -->
