<?xml version="1.0" encoding="UTF-8"?>
<!-- Generated by org.testng.reporters.JUnitReportReporter -->
<testsuite hostname="LAPTOP-Q7SB5MFU" failures="0" tests="1" name="Parameters.pathParameter" time="1.505" errors="0" timestamp="2023-10-30T10:51:18 IST" skipped="0">
  <testcase classname="Parameters.pathParameter" name="pathPara" time="1.505"/>
  <system-out/>
</testsuite> <!-- Parameters.pathParameter -->
