<?xml version="1.0" encoding="UTF-8"?>
<!-- Generated by org.testng.reporters.JUnitReportReporter -->
<testsuite hostname="LAPTOP-Q7SB5MFU" failures="0" tests="1" name="PostData_Reqres.JSONFile" time="2.486" errors="0" timestamp="2023-10-27T23:38:58 IST" skipped="0">
  <testcase classname="PostData_Reqres.JSONFile" name="JFile" time="2.486"/>
  <system-out/>
</testsuite> <!-- PostData_Reqres.JSONFile -->
