<?xml version="1.0" encoding="UTF-8"?>
<!-- Generated by org.testng.reporters.JUnitReportReporter -->
<testsuite hostname="LAPTOP-Q7SB5MFU" failures="0" tests="1" name="Validation.staticResponseValid" time="2.282" errors="0" timestamp="2023-10-30T12:26:52 IST" skipped="0">
  <testcase classname="Validation.staticResponseValid" name="staticRespValid" time="2.282"/>
  <system-out/>
</testsuite> <!-- Validation.staticResponseValid -->
