<?xml version="1.0" encoding="UTF-8"?>
<!-- Generated by org.testng.reporters.JUnitReportReporter -->
<testsuite hostname="LAPTOP-Q7SB5MFU" failures="0" tests="1" name="SerialNDeserial.Deserialisation" time="0.209" errors="0" timestamp="2023-11-02T23:43:22 IST" skipped="0">
  <testcase classname="SerialNDeserial.Deserialisation" name="empDeser" time="0.209"/>
  <system-out/>
</testsuite> <!-- SerialNDeserial.Deserialisation -->
