<?xml version="1.0" encoding="UTF-8"?>
<!-- Generated by org.testng.reporters.JUnitReportReporter -->
<testsuite hostname="LAPTOP-Q7SB5MFU" failures="0" tests="1" name="Validation.Reqres_Static" time="2.999" errors="0" timestamp="2023-10-30T12:40:36 IST" skipped="0">
  <testcase classname="Validation.Reqres_Static" name="stat" time="2.999"/>
  <system-out/>
</testsuite> <!-- Validation.Reqres_Static -->
