<?xml version="1.0" encoding="UTF-8"?>
<!-- Generated by org.testng.reporters.JUnitReportReporter -->
<testsuite hostname="LAPTOP-Q7SB5MFU" failures="0" tests="1" name="PostData_Reqres.JObject" time="2.833" errors="0" timestamp="2023-10-27T23:38:47 IST" skipped="0">
  <testcase classname="PostData_Reqres.JObject" name="createProject" time="2.833"/>
  <system-out/>
</testsuite> <!-- PostData_Reqres.JObject -->
