<?xml version="1.0" encoding="UTF-8"?>
<!-- Generated by org.testng.reporters.JUnitReportReporter -->
<testsuite hostname="LAPTOP-Q7SB5MFU" failures="0" tests="1" name="Parameters.formParameter" time="2.882" errors="0" timestamp="2023-10-30T11:07:37 IST" skipped="0">
  <testcase classname="Parameters.formParameter" name="formPara" time="2.882"/>
  <system-out/>
</testsuite> <!-- Parameters.formParameter -->
