<?xml version="1.0" encoding="UTF-8"?>
<!-- Generated by org.testng.reporters.JUnitReportReporter -->
<testsuite hostname="LAPTOP-Q7SB5MFU" failures="0" tests="1" name="CRUD_With_BDD_Reqres.get" time="2.479" errors="0" timestamp="2023-10-27T22:47:55 IST" skipped="0">
  <testcase classname="CRUD_With_BDD_Reqres.get" name="fetch" time="2.479"/>
  <system-out/>
</testsuite> <!-- CRUD_With_BDD_Reqres.get -->
