<?xml version="1.0" encoding="UTF-8"?>
<!-- Generated by org.testng.reporters.JUnitReportReporter -->
<testsuite hostname="LAPTOP-Q7SB5MFU" failures="0" tests="1" name="PostData.JObject" time="2.067" errors="0" timestamp="2023-10-27T15:55:37 IST" skipped="0">
  <testcase classname="PostData.JObject" name="createProject" time="2.067"/>
  <system-out/>
</testsuite> <!-- PostData.JObject -->
