<?xml version="1.0" encoding="UTF-8"?>
<!-- Generated by org.testng.reporters.JUnitReportReporter -->
<testsuite hostname="LAPTOP-Q7SB5MFU" failures="0" tests="1" name="Reqres.JObject" time="3.068" errors="0" timestamp="2023-10-27T16:08:16 IST" skipped="0">
  <testcase classname="Reqres.JObject" name="createProject" time="3.068"/>
  <system-out/>
</testsuite> <!-- Reqres.JObject -->
